<?xml version="1.0" encoding="UTF-8"?>
<!-- Generated by org.testng.reporters.JUnitReportReporter -->
<testsuite hostname="vkzoomin996" failures="0" tests="1" name="LoginTest" time="0.757" errors="0" timestamp="2023-11-24T13:07:57 IST" skipped="0">
  <testcase classname="LoginTest" name="logintest" time="0.757"/>
  <system-out/>
</testsuite> <!-- LoginTest -->
