<?xml version="1.0" encoding="UTF-8"?>
<!-- Generated by org.testng.reporters.JUnitReportReporter -->
<testsuite hostname="vkzoomin996" failures="0" tests="5" name="DDT" time="16.159" errors="0" timestamp="2023-11-24T12:20:05 IST" skipped="0">
  <testcase classname="DDT" name="xyz" time="3.176"/>
  <system-out>
    <![CDATA[login successfully]]>
  </system-out>
  <testcase classname="DDT" name="xyz" time="3.156"/>
  <system-out>
    <![CDATA[login successfully]]>
  </system-out>
  <testcase classname="DDT" name="xyz" time="3.219"/>
  <system-out>
    <![CDATA[login successfully]]>
  </system-out>
  <testcase classname="DDT" name="xyz" time="3.175"/>
  <system-out>
    <![CDATA[login successfully]]>
  </system-out>
  <testcase classname="DDT" name="xyz" time="3.433"/>
  <system-out>
    <![CDATA[login successfully]]>
  </system-out>
</testsuite> <!-- DDT -->
