<?xml version="1.0" encoding="UTF-8"?>
<!-- Generated by org.testng.reporters.JUnitReportReporter -->
<testsuite hostname="vkzoomin996" failures="0" tests="5" name="Excelutils" time="0.010" errors="0" timestamp="2023-11-24T12:06:11 IST" skipped="0">
  <testcase classname="Excelutils" name="xyz" time="0.002"/>
  <system-out/>
  <testcase classname="Excelutils" name="xyz" time="0.001"/>
  <system-out/>
  <testcase classname="Excelutils" name="xyz" time="0.001"/>
  <system-out/>
  <testcase classname="Excelutils" name="xyz" time="0.005"/>
  <system-out/>
  <testcase classname="Excelutils" name="xyz" time="0.001"/>
  <system-out/>
</testsuite> <!-- Excelutils -->
